Using pre-set license

 COMMAND LINE ARGUMENTS:
/Applications/Unity/Hub/Editor/2020.2.1f1/Unity.app/Contents/MacOS/Unity
-adb2
-batchMode
-noUpm
-name
AssetImportWorker0
-projectPath
/Users/kastrapol/OneDrive - Oslo Kommune Utdanningsetaten/VG1/Unity/gameunity/FPS TINHG
-logFile
Logs/AssetImportWorker0.log
-srvPort
49779
Successfully changed project path to: /Users/kastrapol/OneDrive - Oslo Kommune Utdanningsetaten/VG1/Unity/gameunity/FPS TINHG
/Users/kastrapol/OneDrive - Oslo Kommune Utdanningsetaten/VG1/Unity/gameunity/FPS TINHG
Using Asset Import Pipeline V2.
Refreshing native plugins compatible for Editor in 41.21 ms, found 1 plugins.
Preloading 0 native plugins for Editor in 0.00 ms.
Initialize engine version: 2020.2.1f1 (270dd8c3da1c)
[Subsystems] Discovering subsystems at path /Applications/Unity/Hub/Editor/2020.2.1f1/Unity.app/Contents/Resources/UnitySubsystems
[Subsystems] Discovering subsystems at path /Users/kastrapol/OneDrive - Oslo Kommune Utdanningsetaten/VG1/Unity/gameunity/FPS TINHG/Assets
GfxDevice: creating device client; threaded=0
2021-01-20 14:09:25.459 Unity[1744:19096] Color LCD preferred device: Intel(R) Iris(TM) Plus Graphics 645 (low power)
2021-01-20 14:09:25.459 Unity[1744:19096] Metal devices available: 1
2021-01-20 14:09:25.459 Unity[1744:19096] 0: Intel(R) Iris(TM) Plus Graphics 645 (low power)
2021-01-20 14:09:25.459 Unity[1744:19096] Using device Intel(R) Iris(TM) Plus Graphics 645 (low power)
Initializing Metal device caps: Intel(R) Iris(TM) Plus Graphics 645
Initialize mono
Mono path[0] = '/Applications/Unity/Hub/Editor/2020.2.1f1/Unity.app/Contents/Managed'
Mono path[1] = '/Applications/Unity/Hub/Editor/2020.2.1f1/Unity.app/Contents/MonoBleedingEdge/lib/mono/unityjit'
Mono config path = '/Applications/Unity/Hub/Editor/2020.2.1f1/Unity.app/Contents/MonoBleedingEdge/etc'
Using monoOptions --debugger-agent=transport=dt_socket,embedding=1,server=y,suspend=n,address=127.0.0.1:56744
Begin MonoManager ReloadAssembly
Registering precompiled unity dll's ...
Register platform support module: /Applications/Unity/Hub/Editor/2020.2.1f1/Unity.app/Contents/PlaybackEngines/MacStandaloneSupport/UnityEditor.OSXStandalone.Extensions.dll
Register platform support module: /Applications/Unity/Hub/Editor/2020.2.1f1/PlaybackEngines/WindowsStandaloneSupport/UnityEditor.WindowsStandalone.Extensions.dll
Registered in 0.000735 seconds.
Native extension for WindowsStandalone target not found
Native extension for OSXStandalone target not found
Refreshing native plugins compatible for Editor in 43.28 ms, found 1 plugins.
Preloading 0 native plugins for Editor in 0.00 ms.
Invoked RoslynAnalysisRunner static constructor.
RoslynAnalysisRunner will not be running.
RoslynAnalysisRunner has terminated.
Mono: successfully reloaded assembly
- Completed reload, in  2.231 seconds
Platform modules already initialized, skipping
Registering precompiled user dll's ...
Registered in 0.000618 seconds.
Begin MonoManager ReloadAssembly
Native extension for WindowsStandalone target not found
Native extension for OSXStandalone target not found
Refreshing native plugins compatible for Editor in 0.45 ms, found 1 plugins.
Preloading 0 native plugins for Editor in 0.00 ms.
Invoked RoslynAnalysisRunner static constructor.
RoslynAnalysisRunner will not be running.
RoslynAnalysisRunner has terminated.
Mono: successfully reloaded assembly
- Completed reload, in  1.216 seconds
Platform modules already initialized, skipping
========================================================================
Worker process is ready to serve import requests
Launching external process: /Applications/Unity/Hub/Editor/2020.2.1f1/Unity.app/Contents/Tools/UnityShaderCompiler
Launched and connected shader compiler UnityShaderCompiler after 0.04 seconds
Refreshing native plugins compatible for Editor in 0.45 ms, found 1 plugins.
Preloading 0 native plugins for Editor in 0.00 ms.
Unloading 1633 Unused Serialized files (Serialized files now loaded: 0)
System memory in use before: 145.0 MB.
System memory in use after: 144.6 MB.

Unloading 72 unused Assets to reduce memory usage. Loaded Objects now: 2074.
Total: 3.007605 ms (FindLiveObjects: 0.229610 ms CreateObjectMapping: 0.066810 ms MarkObjects: 2.153431 ms  DeleteObjects: 0.556729 ms)

========================================================================
Received Import Request.
  path: Assets/Water.mat
  artifactKey: Guid(a09e657814a954e0b85700d4eb49dd98) Importer(815301076,1909f56bfc062723c751e8b465ee728b)
Start importing Assets/Water.mat using Guid(a09e657814a954e0b85700d4eb49dd98) Importer(815301076,1909f56bfc062723c751e8b465ee728b)  -> (artifact id: 'bb4ec37226292bb2b24620e6e53abafd') in 0.561144 seconds
  Import took 0.565592 seconds .

========================================================================
Received Import Request.
  Time since last request: 0.000219 seconds.
  path: Assets/Default.mat
  artifactKey: Guid(592573a602c0f2148b7045e8c2dd9ec7) Importer(815301076,1909f56bfc062723c751e8b465ee728b)
Start importing Assets/Default.mat using Guid(592573a602c0f2148b7045e8c2dd9ec7) Importer(815301076,1909f56bfc062723c751e8b465ee728b)  -> (artifact id: '81d8ffdee902f683cc93fd2b0799209b') in 0.076052 seconds
  Import took 0.079334 seconds .

========================================================================
Received Import Request.
  Time since last request: 1135.312231 seconds.
  path: Assets/SampleScenes/Models/Materials/Asteroid.mat
  artifactKey: Guid(ace554b28b3c23448817bd8c63e751ff) Importer(815301076,1909f56bfc062723c751e8b465ee728b)
Start importing Assets/SampleScenes/Models/Materials/Asteroid.mat using Guid(ace554b28b3c23448817bd8c63e751ff) Importer(815301076,1909f56bfc062723c751e8b465ee728b)  -> (artifact id: '7333558111e91ffb5cb25b263b6e5f68') in 0.013123 seconds
  Import took 0.016742 seconds .

========================================================================
Received Import Request.
  Time since last request: 0.000249 seconds.
  path: Assets/SampleScenes/Models/Materials/SpaceshipHull.mat
  artifactKey: Guid(35e2b94eb1006514abf8ae501b17f4d1) Importer(815301076,1909f56bfc062723c751e8b465ee728b)
Start importing Assets/SampleScenes/Models/Materials/SpaceshipHull.mat using Guid(35e2b94eb1006514abf8ae501b17f4d1) Importer(815301076,1909f56bfc062723c751e8b465ee728b)  -> (artifact id: '99132319f22827ec0e637b1a918b0e1a') in 0.008615 seconds
  Import took 0.013224 seconds .

========================================================================
Received Import Request.
  Time since last request: 0.000212 seconds.
  path: Assets/SampleScenes/Models/Materials/SpaceshipGlow.mat
  artifactKey: Guid(c45f0afbf9669834d9bac06fb9f06fb7) Importer(815301076,1909f56bfc062723c751e8b465ee728b)
Start importing Assets/SampleScenes/Models/Materials/SpaceshipGlow.mat using Guid(c45f0afbf9669834d9bac06fb9f06fb7) Importer(815301076,1909f56bfc062723c751e8b465ee728b)  -> (artifact id: '60b54057d4f16f14a8df73570666e0f3') in 0.028034 seconds
  Import took 0.033884 seconds .

========================================================================
Received Import Request.
  Time since last request: 2.236113 seconds.
  path: Assets/SampleScenes/AudioMixers/Car.mixer
  artifactKey: Guid(cc0bf72c5763743468b1ee3d764d3d04) Importer(815301076,1909f56bfc062723c751e8b465ee728b)
Start importing Assets/SampleScenes/AudioMixers/Car.mixer using Guid(cc0bf72c5763743468b1ee3d764d3d04) Importer(815301076,1909f56bfc062723c751e8b465ee728b)  -> (artifact id: '4c84fdf4b23b6d48d70e34a6ef43e769') in 0.330923 seconds
  Import took 0.334223 seconds .

========================================================================
Received Import Request.
  Time since last request: 0.000202 seconds.
  path: Assets/SampleScenes/AudioMixers/PropellerPlane.mixer
  artifactKey: Guid(f166ed551f18240f99a161783914f623) Importer(815301076,1909f56bfc062723c751e8b465ee728b)
Start importing Assets/SampleScenes/AudioMixers/PropellerPlane.mixer using Guid(f166ed551f18240f99a161783914f623) Importer(815301076,1909f56bfc062723c751e8b465ee728b)  -> (artifact id: '57d7e5d665b5732918234d34a1b09ae6') in 0.002567 seconds
  Import took 0.005338 seconds .

========================================================================
Received Import Request.
  Time since last request: 0.000284 seconds.
  path: Assets/SampleScenes/AudioMixers/JetPlane.mixer
  artifactKey: Guid(e21d59315859b4f288500f0a7167ebe7) Importer(815301076,1909f56bfc062723c751e8b465ee728b)
Start importing Assets/SampleScenes/AudioMixers/JetPlane.mixer using Guid(e21d59315859b4f288500f0a7167ebe7) Importer(815301076,1909f56bfc062723c751e8b465ee728b)  -> (artifact id: 'd2b197ba8152e0669e02db88f3fa149b') in 0.002932 seconds
  Import took 0.006537 seconds .

========================================================================
Received Import Request.
  Time since last request: 619.339917 seconds.
  path: Assets/Standard Assets (interesting)/Vehicles/Aircraft/Textures/AircraftFuselageNormals.png
  artifactKey: Guid(c7e9ae087ac710a4980ed418c192e2fb) Importer(815301076,1909f56bfc062723c751e8b465ee728b)
Start importing Assets/Standard Assets (interesting)/Vehicles/Aircraft/Textures/AircraftFuselageNormals.png using Guid(c7e9ae087ac710a4980ed418c192e2fb) Importer(815301076,1909f56bfc062723c751e8b465ee728b)  -> (artifact id: '7ba3928fb87e0c77753dbf9620a6e9d7') in 0.513800 seconds
  Import took 0.520502 seconds .

========================================================================
Received Import Request.
  Time since last request: 0.000261 seconds.
  path: Assets/Standard Assets (interesting)/Vehicles/Aircraft/Textures/AircraftPropellerBlur02WhiteAlbedo.png
  artifactKey: Guid(5d71e30febe908949a93dafb077b4ec9) Importer(815301076,1909f56bfc062723c751e8b465ee728b)
Start importing Assets/Standard Assets (interesting)/Vehicles/Aircraft/Textures/AircraftPropellerBlur02WhiteAlbedo.png using Guid(5d71e30febe908949a93dafb077b4ec9) Importer(815301076,1909f56bfc062723c751e8b465ee728b)  -> (artifact id: '63be0ace1bbe59774d60a61db937b669') in 0.013083 seconds
  Import took 0.016003 seconds .

========================================================================
Received Import Request.
  Time since last request: 0.000192 seconds.
  path: Assets/Standard Assets (interesting)/Vehicles/Aircraft/Textures/AircraftPropellerBlur02GreyAlbedo.png
  artifactKey: Guid(da369a9e24c14b04da8e0be4d9fbee0c) Importer(815301076,1909f56bfc062723c751e8b465ee728b)
Start importing Assets/Standard Assets (interesting)/Vehicles/Aircraft/Textures/AircraftPropellerBlur02GreyAlbedo.png using Guid(da369a9e24c14b04da8e0be4d9fbee0c) Importer(815301076,1909f56bfc062723c751e8b465ee728b)  -> (artifact id: '9243e6acd93a2b5457db15bdd5cc9ab2') in 0.015100 seconds
  Import took 0.018673 seconds .

========================================================================
Received Import Request.
  Time since last request: 0.000183 seconds.
  path: Assets/Standard Assets (interesting)/Vehicles/Aircraft/Textures/AircraftPropellerBlur01WhiteAlbedo.png
  artifactKey: Guid(a01d24876a1472b408ba8e5f0bf3a23f) Importer(815301076,1909f56bfc062723c751e8b465ee728b)
Start importing Assets/Standard Assets (interesting)/Vehicles/Aircraft/Textures/AircraftPropellerBlur01WhiteAlbedo.png using Guid(a01d24876a1472b408ba8e5f0bf3a23f) Importer(815301076,1909f56bfc062723c751e8b465ee728b)  -> (artifact id: '756effdb7c3c7b1846bf2a4a0e290fa7') in 0.010308 seconds
  Import took 0.013091 seconds .

========================================================================
Received Import Request.
  Time since last request: 0.000190 seconds.
  path: Assets/Standard Assets (interesting)/Vehicles/Aircraft/Textures/AircraftPropellerBlur03WhiteAlbedo.png
  artifactKey: Guid(0d0e2aad9fc8ad04ba15c42753f8b797) Importer(815301076,1909f56bfc062723c751e8b465ee728b)
Start importing Assets/Standard Assets (interesting)/Vehicles/Aircraft/Textures/AircraftPropellerBlur03WhiteAlbedo.png using Guid(0d0e2aad9fc8ad04ba15c42753f8b797) Importer(815301076,1909f56bfc062723c751e8b465ee728b)  -> (artifact id: '3f9e84518953555b34cf6068aae05416') in 0.012630 seconds
  Import took 0.016308 seconds .

========================================================================
Received Import Request.
  Time since last request: 0.000214 seconds.
  path: Assets/Standard Assets (interesting)/Vehicles/Aircraft/Textures/AircraftPropellerBlur01GreyAlbedo.png
  artifactKey: Guid(9bae725505bdaf5488cd1720e6f829bd) Importer(815301076,1909f56bfc062723c751e8b465ee728b)
Start importing Assets/Standard Assets (interesting)/Vehicles/Aircraft/Textures/AircraftPropellerBlur01GreyAlbedo.png using Guid(9bae725505bdaf5488cd1720e6f829bd) Importer(815301076,1909f56bfc062723c751e8b465ee728b)  -> (artifact id: 'c9f64b7285f5b5e74abba5343c2215be') in 0.010994 seconds
  Import took 0.014136 seconds .

========================================================================
Received Import Request.
  Time since last request: 0.000201 seconds.
  path: Assets/Standard Assets (interesting)/Vehicles/Aircraft/Textures/AircraftPropellerBlur03GreyAlbedo.png
  artifactKey: Guid(2beb3362d4b99ed40890889c97d63cd4) Importer(815301076,1909f56bfc062723c751e8b465ee728b)
Start importing Assets/Standard Assets (interesting)/Vehicles/Aircraft/Textures/AircraftPropellerBlur03GreyAlbedo.png using Guid(2beb3362d4b99ed40890889c97d63cd4) Importer(815301076,1909f56bfc062723c751e8b465ee728b)  -> (artifact id: '0a5aa536a4cfe5046a4456caffafd983') in 0.011762 seconds
  Import took 0.015238 seconds .

========================================================================
Received Import Request.
  Time since last request: 0.000222 seconds.
  path: Assets/Standard Assets (interesting)/Vehicles/Aircraft/Textures/AircraftFuselageOcclusion.png
  artifactKey: Guid(d378ff11c42566d46b0b11cd91eca3a3) Importer(815301076,1909f56bfc062723c751e8b465ee728b)
Start importing Assets/Standard Assets (interesting)/Vehicles/Aircraft/Textures/AircraftFuselageOcclusion.png using Guid(d378ff11c42566d46b0b11cd91eca3a3) Importer(815301076,1909f56bfc062723c751e8b465ee728b)  -> (artifact id: '2e6506bf9511d36f7eac3a937146f7b0') in 0.036217 seconds
  Import took 0.039748 seconds .

========================================================================
Received Import Request.
  Time since last request: 1.780533 seconds.
  path: Assets/Standard Assets (interesting)/Vehicles/Aircraft/Textures/AircraftWingsJetNormals.png
  artifactKey: Guid(f7c27487b4792e640b8816a7e0e2f5dd) Importer(815301076,1909f56bfc062723c751e8b465ee728b)
Start importing Assets/Standard Assets (interesting)/Vehicles/Aircraft/Textures/AircraftWingsJetNormals.png using Guid(f7c27487b4792e640b8816a7e0e2f5dd) Importer(815301076,1909f56bfc062723c751e8b465ee728b)  -> (artifact id: '42ec39ad11c9a8cb2318e19608a9bdd0') in 0.033136 seconds
  Import took 0.039140 seconds .

========================================================================
Received Import Request.
  Time since last request: 0.000241 seconds.
  path: Assets/Standard Assets (interesting)/Vehicles/Aircraft/Textures/AircraftWingsJetOcclusion.png
  artifactKey: Guid(a2203213fc4dd244e90e1e9d1862c097) Importer(815301076,1909f56bfc062723c751e8b465ee728b)
Start importing Assets/Standard Assets (interesting)/Vehicles/Aircraft/Textures/AircraftWingsJetOcclusion.png using Guid(a2203213fc4dd244e90e1e9d1862c097) Importer(815301076,1909f56bfc062723c751e8b465ee728b)  -> (artifact id: 'f97d2ea547d3161bcbd45cd777704d0e') in 0.016593 seconds
  Import took 0.019558 seconds .

========================================================================
Received Import Request.
  Time since last request: 0.000372 seconds.
  path: Assets/Standard Assets (interesting)/Vehicles/Aircraft/Textures/AircraftWingsJetNormals.png
  artifactKey: Guid(f7c27487b4792e640b8816a7e0e2f5dd) Importer(815301076,1909f56bfc062723c751e8b465ee728b)
Start importing Assets/Standard Assets (interesting)/Vehicles/Aircraft/Textures/AircraftWingsJetNormals.png using Guid(f7c27487b4792e640b8816a7e0e2f5dd) Importer(815301076,1909f56bfc062723c751e8b465ee728b)  -> (artifact id: '42ec39ad11c9a8cb2318e19608a9bdd0') in 0.032479 seconds
  Import took 0.039804 seconds .

========================================================================
Received Import Request.
  Time since last request: 0.000204 seconds.
  path: Assets/Standard Assets (interesting)/Vehicles/Aircraft/Textures/AircraftWingsJetOcclusion.png
  artifactKey: Guid(a2203213fc4dd244e90e1e9d1862c097) Importer(815301076,1909f56bfc062723c751e8b465ee728b)
Start importing Assets/Standard Assets (interesting)/Vehicles/Aircraft/Textures/AircraftWingsJetOcclusion.png using Guid(a2203213fc4dd244e90e1e9d1862c097) Importer(815301076,1909f56bfc062723c751e8b465ee728b)  -> (artifact id: 'f97d2ea547d3161bcbd45cd777704d0e') in 0.021671 seconds
  Import took 0.026099 seconds .

========================================================================
Received Import Request.
  Time since last request: 0.021339 seconds.
  path: Assets/Standard Assets (interesting)/Vehicles/Aircraft/Textures/AircraftWingsPropellerNormals.png
  artifactKey: Guid(5b834380674bf7e48ade2f253138543f) Importer(815301076,1909f56bfc062723c751e8b465ee728b)
Start importing Assets/Standard Assets (interesting)/Vehicles/Aircraft/Textures/AircraftWingsPropellerNormals.png using Guid(5b834380674bf7e48ade2f253138543f) Importer(815301076,1909f56bfc062723c751e8b465ee728b)  -> (artifact id: '2ffe1947ae71263a40df234bb84411ab') in 0.029059 seconds
  Import took 0.036970 seconds .

========================================================================
Received Import Request.
  Time since last request: 0.000226 seconds.
  path: Assets/Standard Assets (interesting)/Vehicles/Aircraft/Textures/AircraftWingsPropellerOcclusion.png
  artifactKey: Guid(0ad6f20f99271564d93962d2b51bf9b0) Importer(815301076,1909f56bfc062723c751e8b465ee728b)
Start importing Assets/Standard Assets (interesting)/Vehicles/Aircraft/Textures/AircraftWingsPropellerOcclusion.png using Guid(0ad6f20f99271564d93962d2b51bf9b0) Importer(815301076,1909f56bfc062723c751e8b465ee728b)  -> (artifact id: '2a491d665a7d746fe2401726684a05c0') in 0.018499 seconds
  Import took 0.022355 seconds .

========================================================================
Received Import Request.
  Time since last request: 0.317187 seconds.
  path: Assets/Low Poly FPS Pack - Free (Sample)/Components/Textures_&_Sprites/Arm_Textures/Arm_Texture_Digital_Camo_Desert_01.png
  artifactKey: Guid(bc0f6ba7d368c9d46a24cd49811bee77) Importer(815301076,1909f56bfc062723c751e8b465ee728b)
Start importing Assets/Low Poly FPS Pack - Free (Sample)/Components/Textures_&_Sprites/Arm_Textures/Arm_Texture_Digital_Camo_Desert_01.png using Guid(bc0f6ba7d368c9d46a24cd49811bee77) Importer(815301076,1909f56bfc062723c751e8b465ee728b)  -> (artifact id: 'c6f7cdbdac355e3f33acb90406f9a7cf') in 0.010918 seconds
  Import took 0.013763 seconds .

========================================================================
Received Import Request.
  Time since last request: 0.002202 seconds.
  path: Assets/Low Poly FPS Pack - Free (Sample)/Components/Textures_&_Sprites/Arm_Textures/Arm_Texture_Digital_Camo_Desert_01.png
  artifactKey: Guid(bc0f6ba7d368c9d46a24cd49811bee77) Importer(815301076,1909f56bfc062723c751e8b465ee728b)
Start importing Assets/Low Poly FPS Pack - Free (Sample)/Components/Textures_&_Sprites/Arm_Textures/Arm_Texture_Digital_Camo_Desert_01.png using Guid(bc0f6ba7d368c9d46a24cd49811bee77) Importer(815301076,1909f56bfc062723c751e8b465ee728b)  -> (artifact id: 'c6f7cdbdac355e3f33acb90406f9a7cf') in 0.006628 seconds
  Import took 0.009601 seconds .

========================================================================
Received Import Request.
  Time since last request: 0.614371 seconds.
  path: Assets/Low Poly FPS Pack - Free (Sample)/Components/Textures_&_Sprites/Arm_Textures/Arm_Texture_Digital_Camo_Desert_02.png
  artifactKey: Guid(e5210d7dfca9b5845afc367257800f16) Importer(815301076,1909f56bfc062723c751e8b465ee728b)
Start importing Assets/Low Poly FPS Pack - Free (Sample)/Components/Textures_&_Sprites/Arm_Textures/Arm_Texture_Digital_Camo_Desert_02.png using Guid(e5210d7dfca9b5845afc367257800f16) Importer(815301076,1909f56bfc062723c751e8b465ee728b)  -> (artifact id: '30e66d884fcfe76ee60ad2055edbccc5') in 0.009678 seconds
  Import took 0.013324 seconds .

========================================================================
Received Import Request.
  Time since last request: 0.000201 seconds.
  path: Assets/Low Poly FPS Pack - Free (Sample)/Components/Textures_&_Sprites/Arm_Textures/Arm_Texture_Digital_Camo_Desert_03.png
  artifactKey: Guid(ed4993ebb71b7e24e8a0fab20fa154cd) Importer(815301076,1909f56bfc062723c751e8b465ee728b)
Start importing Assets/Low Poly FPS Pack - Free (Sample)/Components/Textures_&_Sprites/Arm_Textures/Arm_Texture_Digital_Camo_Desert_03.png using Guid(ed4993ebb71b7e24e8a0fab20fa154cd) Importer(815301076,1909f56bfc062723c751e8b465ee728b)  -> (artifact id: '5a4c43ff5c00d016b0b100c796b1a9c0') in 0.009236 seconds
  Import took 0.012324 seconds .

