Using pre-set license

 COMMAND LINE ARGUMENTS:
/Applications/Unity/Hub/Editor/2020.2.1f1/Unity.app/Contents/MacOS/Unity
-adb2
-batchMode
-noUpm
-name
AssetImportWorker13
-projectPath
/Users/kastrapol/OneDrive - Oslo Kommune Utdanningsetaten/VG1/Unity/gameunity/FPS TINHG
-logFile
Logs/AssetImportWorker13.log
-srvPort
60336
Successfully changed project path to: /Users/kastrapol/OneDrive - Oslo Kommune Utdanningsetaten/VG1/Unity/gameunity/FPS TINHG
/Users/kastrapol/OneDrive - Oslo Kommune Utdanningsetaten/VG1/Unity/gameunity/FPS TINHG
Using Asset Import Pipeline V2.
Refreshing native plugins compatible for Editor in 308.51 ms, found 1 plugins.
Preloading 0 native plugins for Editor in 0.00 ms.
Initialize engine version: 2020.2.1f1 (270dd8c3da1c)
[Subsystems] Discovering subsystems at path /Applications/Unity/Hub/Editor/2020.2.1f1/Unity.app/Contents/Resources/UnitySubsystems
[Subsystems] Discovering subsystems at path /Users/kastrapol/OneDrive - Oslo Kommune Utdanningsetaten/VG1/Unity/gameunity/FPS TINHG/Assets
GfxDevice: creating device client; threaded=0
2021-01-20 13:26:55.143 Unity[15585:766111] Color LCD preferred device: Intel(R) Iris(TM) Plus Graphics 645 (low power)
2021-01-20 13:26:55.143 Unity[15585:766111] Metal devices available: 1
2021-01-20 13:26:55.143 Unity[15585:766111] 0: Intel(R) Iris(TM) Plus Graphics 645 (low power)
2021-01-20 13:26:55.144 Unity[15585:766111] Using device Intel(R) Iris(TM) Plus Graphics 645 (low power)
Initializing Metal device caps: Intel(R) Iris(TM) Plus Graphics 645
Initialize mono
Mono path[0] = '/Applications/Unity/Hub/Editor/2020.2.1f1/Unity.app/Contents/Managed'
Mono path[1] = '/Applications/Unity/Hub/Editor/2020.2.1f1/Unity.app/Contents/MonoBleedingEdge/lib/mono/unityjit'
Mono config path = '/Applications/Unity/Hub/Editor/2020.2.1f1/Unity.app/Contents/MonoBleedingEdge/etc'
Using monoOptions --debugger-agent=transport=dt_socket,embedding=1,server=y,suspend=n,address=127.0.0.1:56585
Begin MonoManager ReloadAssembly
Registering precompiled unity dll's ...
Register platform support module: /Applications/Unity/Hub/Editor/2020.2.1f1/Unity.app/Contents/PlaybackEngines/MacStandaloneSupport/UnityEditor.OSXStandalone.Extensions.dll
Register platform support module: /Applications/Unity/Hub/Editor/2020.2.1f1/PlaybackEngines/WindowsStandaloneSupport/UnityEditor.WindowsStandalone.Extensions.dll
Registered in 0.003256 seconds.
Native extension for WindowsStandalone target not found
Native extension for OSXStandalone target not found
Refreshing native plugins compatible for Editor in 637.93 ms, found 1 plugins.
Preloading 0 native plugins for Editor in 0.00 ms.
Invoked RoslynAnalysisRunner static constructor.
RoslynAnalysisRunner will not be running.
RoslynAnalysisRunner has terminated.
Mono: successfully reloaded assembly
- Completed reload, in 17.219 seconds
Platform modules already initialized, skipping
Registering precompiled user dll's ...
Registered in 0.002769 seconds.
Begin MonoManager ReloadAssembly
