Using pre-set license

 COMMAND LINE ARGUMENTS:
/Applications/Unity/Hub/Editor/2020.2.1f1/Unity.app/Contents/MacOS/Unity
-adb2
-batchMode
-noUpm
-name
AssetImportWorker14
-projectPath
/Users/kastrapol/OneDrive - Oslo Kommune Utdanningsetaten/VG1/Unity/gameunity/FPS TINHG
-logFile
Logs/AssetImportWorker14.log
-srvPort
60336
Successfully changed project path to: /Users/kastrapol/OneDrive - Oslo Kommune Utdanningsetaten/VG1/Unity/gameunity/FPS TINHG
/Users/kastrapol/OneDrive - Oslo Kommune Utdanningsetaten/VG1/Unity/gameunity/FPS TINHG
Using Asset Import Pipeline V2.
Refreshing native plugins compatible for Editor in 462.88 ms, found 1 plugins.
Preloading 0 native plugins for Editor in 0.00 ms.
Initialize engine version: 2020.2.1f1 (270dd8c3da1c)
[Subsystems] Discovering subsystems at path /Applications/Unity/Hub/Editor/2020.2.1f1/Unity.app/Contents/Resources/UnitySubsystems
[Subsystems] Discovering subsystems at path /Users/kastrapol/OneDrive - Oslo Kommune Utdanningsetaten/VG1/Unity/gameunity/FPS TINHG/Assets
GfxDevice: creating device client; threaded=0
2021-01-20 13:27:24.937 Unity[15592:766535] Color LCD preferred device: Intel(R) Iris(TM) Plus Graphics 645 (low power)
2021-01-20 13:27:24.937 Unity[15592:766535] Metal devices available: 1
2021-01-20 13:27:24.938 Unity[15592:766535] 0: Intel(R) Iris(TM) Plus Graphics 645 (low power)
2021-01-20 13:27:24.938 Unity[15592:766535] Using device Intel(R) Iris(TM) Plus Graphics 645 (low power)
Initializing Metal device caps: Intel(R) Iris(TM) Plus Graphics 645
Initialize mono
Mono path[0] = '/Applications/Unity/Hub/Editor/2020.2.1f1/Unity.app/Contents/Managed'
Mono path[1] = '/Applications/Unity/Hub/Editor/2020.2.1f1/Unity.app/Contents/MonoBleedingEdge/lib/mono/unityjit'
Mono config path = '/Applications/Unity/Hub/Editor/2020.2.1f1/Unity.app/Contents/MonoBleedingEdge/etc'
Using monoOptions --debugger-agent=transport=dt_socket,embedding=1,server=y,suspend=n,address=127.0.0.1:56592
Begin MonoManager ReloadAssembly
Registering precompiled unity dll's ...
Register platform support module: /Applications/Unity/Hub/Editor/2020.2.1f1/Unity.app/Contents/PlaybackEngines/MacStandaloneSupport/UnityEditor.OSXStandalone.Extensions.dll
Register platform support module: /Applications/Unity/Hub/Editor/2020.2.1f1/PlaybackEngines/WindowsStandaloneSupport/UnityEditor.WindowsStandalone.Extensions.dll
Registered in 0.000836 seconds.
Native extension for WindowsStandalone target not found
Native extension for OSXStandalone target not found
Refreshing native plugins compatible for Editor in 81.59 ms, found 1 plugins.
Preloading 0 native plugins for Editor in 0.00 ms.
Invoked RoslynAnalysisRunner static constructor.
RoslynAnalysisRunner will not be running.
RoslynAnalysisRunner has terminated.
Mono: successfully reloaded assembly
- Completed reload, in 15.257 seconds
Platform modules already initialized, skipping
Registering precompiled user dll's ...
Registered in 0.004194 seconds.
Begin MonoManager ReloadAssembly
Native extension for WindowsStandalone target not found
Native extension for OSXStandalone target not found
Refreshing native plugins compatible for Editor in 4.09 ms, found 1 plugins.
Preloading 0 native plugins for Editor in 0.00 ms.
